<?xml version="1.0" encoding="UTF-8" ?>
<testsuite failures="0" time="0.02" errors="0" skipped="0" tests="3" name="contactlist.domain.AuditTest">
  <properties>
    <property name="java.runtime.name" value="Java(TM) SE Runtime Environment"/>
    <property name="sun.boot.library.path" value="/usr/lib/jvm/java-6-sun-1.6.0.26/jre/lib/i386"/>
    <property name="java.vm.version" value="20.1-b02"/>
    <property name="java.vm.vendor" value="Sun Microsystems Inc."/>
    <property name="java.vendor.url" value="http://java.sun.com/"/>
    <property name="path.separator" value=":"/>
    <property name="java.vm.name" value="Java HotSpot(TM) Server VM"/>
    <property name="file.encoding.pkg" value="sun.io"/>
    <property name="user.country" value="BR"/>
    <property name="sun.java.launcher" value="SUN_STANDARD"/>
    <property name="sun.os.patch.level" value="unknown"/>
    <property name="java.vm.specification.name" value="Java Virtual Machine Specification"/>
    <property name="user.dir" value="/avm/home/leonardo/g/demoiselle-samples/contactlist/core"/>
    <property name="java.runtime.version" value="1.6.0_26-b03"/>
    <property name="java.awt.graphicsenv" value="sun.awt.X11GraphicsEnvironment"/>
    <property name="basedir" value="/avm/home/leonardo/g/demoiselle-samples/contactlist/core"/>
    <property name="java.endorsed.dirs" value="/usr/lib/jvm/java-6-sun-1.6.0.26/jre/lib/endorsed"/>
    <property name="os.arch" value="i386"/>
    <property name="surefire.real.class.path" value="/tmp/surefirebooter9108974347564854189.jar"/>
    <property name="java.io.tmpdir" value="/tmp"/>
    <property name="line.separator" value="
"/>
    <property name="java.vm.specification.vendor" value="Sun Microsystems Inc."/>
    <property name="os.name" value="Linux"/>
    <property name="sun.jnu.encoding" value="UTF-8"/>
    <property name="java.library.path" value="/usr/lib/jvm/java-6-sun-1.6.0.26/jre/lib/i386/server:/usr/lib/jvm/java-6-sun-1.6.0.26/jre/lib/i386:/usr/lib/jvm/java-6-sun-1.6.0.26/jre/../lib/i386:/usr/java/packages/lib/i386:/lib:/usr/lib"/>
    <property name="surefire.test.class.path" value="/avm/home/leonardo/g/demoiselle-samples/contactlist/core/target/test-classes:/avm/home/leonardo/g/demoiselle-samples/contactlist/core/target/classes:/opt/demoiselle/tool/maven2-local-repo/br/gov/frameworkdemoiselle/demoiselle-jpa/2.2.0-SNAPSHOT/demoiselle-jpa-2.2.0-SNAPSHOT.jar:/opt/demoiselle/tool/maven2-local-repo/org/eclipse/persistence/javax.persistence/2.0.1/javax.persistence-2.0.1.jar:/opt/demoiselle/tool/maven2-local-repo/br/gov/frameworkdemoiselle/demoiselle-core/2.2.0-SNAPSHOT/demoiselle-core-2.2.0-SNAPSHOT.jar:/opt/demoiselle/tool/maven2-local-repo/javax/enterprise/cdi-api/1.0-SP4/cdi-api-1.0-SP4.jar:/opt/demoiselle/tool/maven2-local-repo/org/jboss/spec/javax/interceptor/jboss-interceptors-api_1.1_spec/1.0.0.Beta1/jboss-interceptors-api_1.1_spec-1.0.0.Beta1.jar:/opt/demoiselle/tool/maven2-local-repo/javax/inject/javax.inject/1/javax.inject-1.jar:/opt/demoiselle/tool/maven2-local-repo/javax/validation/validation-api/1.0.0.GA/validation-api-1.0.0.GA.jar:/opt/demoiselle/tool/maven2-local-repo/org/slf4j/slf4j-api/1.5.10/slf4j-api-1.5.10.jar:/opt/demoiselle/tool/maven2-local-repo/commons-configuration/commons-configuration/1.5/commons-configuration-1.5.jar:/opt/demoiselle/tool/maven2-local-repo/commons-collections/commons-collections/3.2/commons-collections-3.2.jar:/opt/demoiselle/tool/maven2-local-repo/commons-lang/commons-lang/2.3/commons-lang-2.3.jar:/opt/demoiselle/tool/maven2-local-repo/commons-logging/commons-logging/1.1/commons-logging-1.1.jar:/opt/demoiselle/tool/maven2-local-repo/commons-beanutils/commons-beanutils-core/1.7.0/commons-beanutils-core-1.7.0.jar:/opt/demoiselle/tool/maven2-local-repo/br/gov/frameworkdemoiselle/component/demoiselle-shiro/2.2.1-SNAPSHOT/demoiselle-shiro-2.2.1-SNAPSHOT.jar:/opt/demoiselle/tool/maven2-local-repo/org/apache/shiro/shiro-core/1.1.0/shiro-core-1.1.0.jar:/opt/demoiselle/tool/maven2-local-repo/commons-beanutils/commons-beanutils/1.8.3/commons-beanutils-1.8.3.jar:/opt/demoiselle/tool/maven2-local-repo/br/gov/frameworkdemoiselle/component/demoiselle-validation/2.0.0/demoiselle-validation-2.0.0.jar:/opt/demoiselle/tool/maven2-local-repo/log4j/log4j/1.2.14/log4j-1.2.14.jar:/opt/demoiselle/tool/maven2-local-repo/org/alfredlibrary/alfred/1.1.0/alfred-1.1.0.jar:/opt/demoiselle/tool/maven2-local-repo/hsqldb/hsqldb/1.8.0.10/hsqldb-1.8.0.10.jar:/opt/demoiselle/tool/maven2-local-repo/org/easymock/easymock/3.0/easymock-3.0.jar:/opt/demoiselle/tool/maven2-local-repo/cglib/cglib-nodep/2.2/cglib-nodep-2.2.jar:/opt/demoiselle/tool/maven2-local-repo/org/objenesis/objenesis/1.2/objenesis-1.2.jar:/opt/demoiselle/tool/maven2-local-repo/org/powermock/powermock-module-junit4/1.4.6/powermock-module-junit4-1.4.6.jar:/opt/demoiselle/tool/maven2-local-repo/junit/junit/4.8.1/junit-4.8.1.jar:/opt/demoiselle/tool/maven2-local-repo/org/powermock/powermock-module-junit4-common/1.4.6/powermock-module-junit4-common-1.4.6.jar:/opt/demoiselle/tool/maven2-local-repo/org/powermock/powermock-core/1.4.6/powermock-core-1.4.6.jar:/opt/demoiselle/tool/maven2-local-repo/org/powermock/powermock-reflect/1.4.6/powermock-reflect-1.4.6.jar:/opt/demoiselle/tool/maven2-local-repo/org/javassist/javassist/3.13.0-GA/javassist-3.13.0-GA.jar:/opt/demoiselle/tool/maven2-local-repo/org/powermock/powermock-api-easymock/1.4.6/powermock-api-easymock-1.4.6.jar:/opt/demoiselle/tool/maven2-local-repo/org/powermock/powermock-api-support/1.4.6/powermock-api-support-1.4.6.jar:/opt/demoiselle/tool/maven2-local-repo/br/gov/frameworkdemoiselle/component/demoiselle-junit/2.2.1-SNAPSHOT/demoiselle-junit-2.2.1-SNAPSHOT.jar:/opt/demoiselle/tool/maven2-local-repo/br/gov/frameworkdemoiselle/demoiselle-se/2.2.0-SNAPSHOT/demoiselle-se-2.2.0-SNAPSHOT.jar:/opt/demoiselle/tool/maven2-local-repo/org/jboss/weld/se/weld-se-core/1.1.2.Final/weld-se-core-1.1.2.Final.jar:/opt/demoiselle/tool/maven2-local-repo/org/jboss/weld/weld-spi/1.1.Beta2/weld-spi-1.1.Beta2.jar:/opt/demoiselle/tool/maven2-local-repo/org/jboss/weld/weld-api/1.1.Beta2/weld-api-1.1.Beta2.jar:/opt/demoiselle/tool/maven2-local-repo/org/jboss/weld/weld-core/1.1.2.Final/weld-core-1.1.2.Final.jar:/opt/demoiselle/tool/maven2-local-repo/com/google/guava/guava/r06/guava-r06.jar:/opt/demoiselle/tool/maven2-local-repo/org/jboss/interceptor/jboss-interceptor-spi/2.0.0.CR1/jboss-interceptor-spi-2.0.0.CR1.jar:/opt/demoiselle/tool/maven2-local-repo/org/jboss/interceptor/jboss-interceptor-core/2.0.0.CR1/jboss-interceptor-core-2.0.0.CR1.jar:/opt/demoiselle/tool/maven2-local-repo/org/slf4j/slf4j-ext/1.5.10/slf4j-ext-1.5.10.jar:/opt/demoiselle/tool/maven2-local-repo/ch/qos/cal10n/cal10n-api/0.7.2/cal10n-api-0.7.2.jar:/opt/demoiselle/tool/maven2-local-repo/javax/el/el-api/2.2/el-api-2.2.jar:/opt/demoiselle/tool/maven2-local-repo/org/hibernate/hibernate-validator/4.2.0.Final/hibernate-validator-4.2.0.Final.jar:"/>
    <property name="java.specification.name" value="Java Platform API Specification"/>
    <property name="java.class.version" value="50.0"/>
    <property name="sun.management.compiler" value="HotSpot Tiered Compilers"/>
    <property name="os.version" value="2.6.38-13-generic"/>
    <property name="user.home" value="/avm/home/leonardo"/>
    <property name="user.timezone" value="America/Sao_Paulo"/>
    <property name="java.awt.printerjob" value="sun.print.PSPrinterJob"/>
    <property name="file.encoding" value="UTF-8"/>
    <property name="java.specification.version" value="1.6"/>
    <property name="user.name" value="leonardo"/>
    <property name="java.class.path" value="/avm/home/leonardo/g/demoiselle-samples/contactlist/core/target/test-classes:/avm/home/leonardo/g/demoiselle-samples/contactlist/core/target/classes:/opt/demoiselle/tool/maven2-local-repo/br/gov/frameworkdemoiselle/demoiselle-jpa/2.2.0-SNAPSHOT/demoiselle-jpa-2.2.0-SNAPSHOT.jar:/opt/demoiselle/tool/maven2-local-repo/org/eclipse/persistence/javax.persistence/2.0.1/javax.persistence-2.0.1.jar:/opt/demoiselle/tool/maven2-local-repo/br/gov/frameworkdemoiselle/demoiselle-core/2.2.0-SNAPSHOT/demoiselle-core-2.2.0-SNAPSHOT.jar:/opt/demoiselle/tool/maven2-local-repo/javax/enterprise/cdi-api/1.0-SP4/cdi-api-1.0-SP4.jar:/opt/demoiselle/tool/maven2-local-repo/org/jboss/spec/javax/interceptor/jboss-interceptors-api_1.1_spec/1.0.0.Beta1/jboss-interceptors-api_1.1_spec-1.0.0.Beta1.jar:/opt/demoiselle/tool/maven2-local-repo/javax/inject/javax.inject/1/javax.inject-1.jar:/opt/demoiselle/tool/maven2-local-repo/javax/validation/validation-api/1.0.0.GA/validation-api-1.0.0.GA.jar:/opt/demoiselle/tool/maven2-local-repo/org/slf4j/slf4j-api/1.5.10/slf4j-api-1.5.10.jar:/opt/demoiselle/tool/maven2-local-repo/commons-configuration/commons-configuration/1.5/commons-configuration-1.5.jar:/opt/demoiselle/tool/maven2-local-repo/commons-collections/commons-collections/3.2/commons-collections-3.2.jar:/opt/demoiselle/tool/maven2-local-repo/commons-lang/commons-lang/2.3/commons-lang-2.3.jar:/opt/demoiselle/tool/maven2-local-repo/commons-logging/commons-logging/1.1/commons-logging-1.1.jar:/opt/demoiselle/tool/maven2-local-repo/commons-beanutils/commons-beanutils-core/1.7.0/commons-beanutils-core-1.7.0.jar:/opt/demoiselle/tool/maven2-local-repo/br/gov/frameworkdemoiselle/component/demoiselle-shiro/2.2.1-SNAPSHOT/demoiselle-shiro-2.2.1-SNAPSHOT.jar:/opt/demoiselle/tool/maven2-local-repo/org/apache/shiro/shiro-core/1.1.0/shiro-core-1.1.0.jar:/opt/demoiselle/tool/maven2-local-repo/commons-beanutils/commons-beanutils/1.8.3/commons-beanutils-1.8.3.jar:/opt/demoiselle/tool/maven2-local-repo/br/gov/frameworkdemoiselle/component/demoiselle-validation/2.0.0/demoiselle-validation-2.0.0.jar:/opt/demoiselle/tool/maven2-local-repo/log4j/log4j/1.2.14/log4j-1.2.14.jar:/opt/demoiselle/tool/maven2-local-repo/org/alfredlibrary/alfred/1.1.0/alfred-1.1.0.jar:/opt/demoiselle/tool/maven2-local-repo/hsqldb/hsqldb/1.8.0.10/hsqldb-1.8.0.10.jar:/opt/demoiselle/tool/maven2-local-repo/org/easymock/easymock/3.0/easymock-3.0.jar:/opt/demoiselle/tool/maven2-local-repo/cglib/cglib-nodep/2.2/cglib-nodep-2.2.jar:/opt/demoiselle/tool/maven2-local-repo/org/objenesis/objenesis/1.2/objenesis-1.2.jar:/opt/demoiselle/tool/maven2-local-repo/org/powermock/powermock-module-junit4/1.4.6/powermock-module-junit4-1.4.6.jar:/opt/demoiselle/tool/maven2-local-repo/junit/junit/4.8.1/junit-4.8.1.jar:/opt/demoiselle/tool/maven2-local-repo/org/powermock/powermock-module-junit4-common/1.4.6/powermock-module-junit4-common-1.4.6.jar:/opt/demoiselle/tool/maven2-local-repo/org/powermock/powermock-core/1.4.6/powermock-core-1.4.6.jar:/opt/demoiselle/tool/maven2-local-repo/org/powermock/powermock-reflect/1.4.6/powermock-reflect-1.4.6.jar:/opt/demoiselle/tool/maven2-local-repo/org/javassist/javassist/3.13.0-GA/javassist-3.13.0-GA.jar:/opt/demoiselle/tool/maven2-local-repo/org/powermock/powermock-api-easymock/1.4.6/powermock-api-easymock-1.4.6.jar:/opt/demoiselle/tool/maven2-local-repo/org/powermock/powermock-api-support/1.4.6/powermock-api-support-1.4.6.jar:/opt/demoiselle/tool/maven2-local-repo/br/gov/frameworkdemoiselle/component/demoiselle-junit/2.2.1-SNAPSHOT/demoiselle-junit-2.2.1-SNAPSHOT.jar:/opt/demoiselle/tool/maven2-local-repo/br/gov/frameworkdemoiselle/demoiselle-se/2.2.0-SNAPSHOT/demoiselle-se-2.2.0-SNAPSHOT.jar:/opt/demoiselle/tool/maven2-local-repo/org/jboss/weld/se/weld-se-core/1.1.2.Final/weld-se-core-1.1.2.Final.jar:/opt/demoiselle/tool/maven2-local-repo/org/jboss/weld/weld-spi/1.1.Beta2/weld-spi-1.1.Beta2.jar:/opt/demoiselle/tool/maven2-local-repo/org/jboss/weld/weld-api/1.1.Beta2/weld-api-1.1.Beta2.jar:/opt/demoiselle/tool/maven2-local-repo/org/jboss/weld/weld-core/1.1.2.Final/weld-core-1.1.2.Final.jar:/opt/demoiselle/tool/maven2-local-repo/com/google/guava/guava/r06/guava-r06.jar:/opt/demoiselle/tool/maven2-local-repo/org/jboss/interceptor/jboss-interceptor-spi/2.0.0.CR1/jboss-interceptor-spi-2.0.0.CR1.jar:/opt/demoiselle/tool/maven2-local-repo/org/jboss/interceptor/jboss-interceptor-core/2.0.0.CR1/jboss-interceptor-core-2.0.0.CR1.jar:/opt/demoiselle/tool/maven2-local-repo/org/slf4j/slf4j-ext/1.5.10/slf4j-ext-1.5.10.jar:/opt/demoiselle/tool/maven2-local-repo/ch/qos/cal10n/cal10n-api/0.7.2/cal10n-api-0.7.2.jar:/opt/demoiselle/tool/maven2-local-repo/javax/el/el-api/2.2/el-api-2.2.jar:/opt/demoiselle/tool/maven2-local-repo/org/hibernate/hibernate-validator/4.2.0.Final/hibernate-validator-4.2.0.Final.jar:"/>
    <property name="java.vm.specification.version" value="1.0"/>
    <property name="sun.arch.data.model" value="32"/>
    <property name="java.home" value="/usr/lib/jvm/java-6-sun-1.6.0.26/jre"/>
    <property name="sun.java.command" value="/tmp/surefirebooter9108974347564854189.jar /tmp/surefire6587636453579496799tmp /tmp/surefire747232290677237607tmp"/>
    <property name="java.specification.vendor" value="Sun Microsystems Inc."/>
    <property name="user.language" value="pt"/>
    <property name="java.vm.info" value="mixed mode"/>
    <property name="java.version" value="1.6.0_26"/>
    <property name="java.ext.dirs" value="/usr/lib/jvm/java-6-sun-1.6.0.26/jre/lib/ext:/usr/java/packages/lib/ext"/>
    <property name="sun.boot.class.path" value="/usr/lib/jvm/java-6-sun-1.6.0.26/jre/lib/resources.jar:/usr/lib/jvm/java-6-sun-1.6.0.26/jre/lib/rt.jar:/usr/lib/jvm/java-6-sun-1.6.0.26/jre/lib/sunrsasign.jar:/usr/lib/jvm/java-6-sun-1.6.0.26/jre/lib/jsse.jar:/usr/lib/jvm/java-6-sun-1.6.0.26/jre/lib/jce.jar:/usr/lib/jvm/java-6-sun-1.6.0.26/jre/lib/charsets.jar:/usr/lib/jvm/java-6-sun-1.6.0.26/jre/lib/modules/jdk.boot.jar:/usr/lib/jvm/java-6-sun-1.6.0.26/jre/classes"/>
    <property name="java.vendor" value="Sun Microsystems Inc."/>
    <property name="localRepository" value="/opt/demoiselle/tool/maven2-local-repo"/>
    <property name="file.separator" value="/"/>
    <property name="java.vendor.url.bug" value="http://java.sun.com/cgi-bin/bugreport.cgi"/>
    <property name="sun.cpu.endian" value="little"/>
    <property name="sun.io.unicode.encoding" value="UnicodeLittle"/>
    <property name="sun.desktop" value="gnome"/>
    <property name="sun.cpu.isalist" value=""/>
  </properties>
  <testcase time="0" classname="contactlist.domain.AuditTest" name="testConstructorWithMessageParam"/>
  <testcase time="0" classname="contactlist.domain.AuditTest" name="testSetAndGetId"/>
  <testcase time="0" classname="contactlist.domain.AuditTest" name="testSetAndGetMessage"/>
</testsuite>